LINK : warning LNK4098: defaultlib 'MSVCRT' conflicts with use of other libs; use /NODEFAULTLIB:library
LINK : warning LNK4217: symbol 'strncmp' defined in 'libucrt.lib(strncmp.obj)' is imported by 'glfw3.lib(init.obj)' in function '_glfwParseUriList'
LINK : warning LNK4286: symbol 'strncmp' defined in 'libucrt.lib(strncmp.obj)' is imported by 'glfw3.lib(input.obj)'
LINK : warning LNK4286: symbol 'strncmp' defined in 'libucrt.lib(strncmp.obj)' is imported by 'glfw3.lib(context.obj)'
LINK : warning LNK4286: symbol 'strncmp' defined in 'libucrt.lib(strncmp.obj)' is imported by 'glfw3.lib(egl_context.obj)'
LINK : warning LNK4217: symbol 'free' defined in 'libucrt.lib(free.obj)' is imported by 'glfw3.lib(init.obj)' in function 'defaultDeallocate'
LINK : warning LNK4217: symbol 'free' defined in 'libucrt.lib(free.obj)' is imported by 'glfw3.lib(null_init.obj)' in function '_glfwConnectNull'
LINK : warning LNK4217: symbol 'malloc' defined in 'libucrt.lib(malloc.obj)' is imported by 'glfw3.lib(init.obj)' in function 'defaultAllocate'
LINK : warning LNK4217: symbol 'strtol' defined in 'libucrt.lib(strtox.obj)' is imported by 'glfw3.lib(init.obj)' in function '_glfwParseUriList'
LINK : warning LNK4217: symbol '__stdio_common_vsprintf' defined in 'libucrt.lib(output.obj)' is imported by 'glfw3.lib(init.obj)' in function '_glfwInputError'
LINK : warning LNK4217: symbol '__stdio_common_vsprintf' defined in 'libucrt.lib(output.obj)' is imported by 'glfw3.lib(win32_joystick.obj)' in function '_glfwDetectJoystickConnectionWin32'
LINK : warning LNK4217: symbol 'strcspn' defined in 'libucrt.lib(strcspn.obj)' is imported by 'glfw3.lib(input.obj)' in function 'glfwUpdateGamepadMappings'
LINK : warning LNK4217: symbol 'strtoul' defined in 'libucrt.lib(strtox.obj)' is imported by 'glfw3.lib(input.obj)' in function 'parseMapping'
LINK : warning LNK4217: symbol '__stdio_common_vsscanf' defined in 'libucrt.lib(input.obj)' is imported by 'glfw3.lib(context.obj)' in function 'sscanf'
LINK : warning LNK4217: symbol 'qsort' defined in 'libucrt.lib(qsort.obj)' is imported by 'glfw3.lib(monitor.obj)' in function 'refreshVideoModes'
LINK : warning LNK4217: symbol 'qsort' defined in 'libucrt.lib(qsort.obj)' is imported by 'glfw3.lib(win32_joystick.obj)' in function 'deviceCallback'
libcpmtd.lib(StlCompareStringA.obj) : error LNK2001: unresolved external symbol _free_dbg
libcpmtd.lib(StlLCMapStringA.obj) : error LNK2001: unresolved external symbol _free_dbg
libcpmtd.lib(wlocale.obj) : error LNK2001: unresolved external symbol _free_dbg
libcpmtd.lib(xlocale.obj) : error LNK2001: unresolved external symbol _free_dbg
libcpmtd.lib(xwcsxfrm.obj) : error LNK2001: unresolved external symbol _free_dbg
main.obj : error LNK2001: unresolved external symbol _free_dbg
libcpmtd.lib(locale0.obj) : error LNK2001: unresolved external symbol _free_dbg
libcpmtd.lib(cout.obj) : error LNK2001: unresolved external symbol _free_dbg
libcpmtd.lib(locale.obj) : error LNK2001: unresolved external symbol _free_dbg
libcpmtd.lib(StlCompareStringA.obj) : error LNK2001: unresolved external symbol _malloc_dbg
libcpmtd.lib(StlLCMapStringA.obj) : error LNK2001: unresolved external symbol _malloc_dbg
libcpmtd.lib(wlocale.obj) : error LNK2001: unresolved external symbol _malloc_dbg
libcpmtd.lib(xlocale.obj) : error LNK2001: unresolved external symbol _malloc_dbg
libcpmtd.lib(xwcsxfrm.obj) : error LNK2001: unresolved external symbol _malloc_dbg
main.obj : error LNK2001: unresolved external symbol _malloc_dbg
libcpmtd.lib(locale0.obj) : error LNK2001: unresolved external symbol _malloc_dbg
libcpmtd.lib(cout.obj) : error LNK2001: unresolved external symbol _malloc_dbg
libcpmtd.lib(locale.obj) : error LNK2001: unresolved external symbol _malloc_dbg
libcpmtd.lib(xlocale.obj) : error LNK2001: unresolved external symbol _CrtDbgReport
main.obj : error LNK2001: unresolved external symbol _CrtDbgReport
libcpmtd.lib(cout.obj) : error LNK2001: unresolved external symbol _CrtDbgReport
libcpmtd.lib(locale.obj) : error LNK2001: unresolved external symbol _CrtDbgReport
libcpmtd.lib(wlocale.obj) : error LNK2001: unresolved external symbol _CrtDbgReport
main.obj : error LNK2019: unresolved external symbol stbi_load referenced in function main
main.obj : error LNK2019: unresolved external symbol stbi_image_free referenced in function main
glfw3.lib(init.obj) : error LNK2019: unresolved external symbol __imp_strtok referenced in function _glfwParseUriList
glfw3.lib(init.obj) : error LNK2019: unresolved external symbol __imp_realloc referenced in function defaultReallocate
glfw3.lib(window.obj) : error LNK2019: unresolved external symbol __imp_strncpy referenced in function glfwWindowHintString
glfw3.lib(input.obj) : error LNK2001: unresolved external symbol __imp_strncpy
glfw3.lib(monitor.obj) : error LNK2001: unresolved external symbol __imp_strncpy
glfw3.lib(win32_joystick.obj) : error LNK2001: unresolved external symbol __imp_strncpy
glfw3.lib(input.obj) : error LNK2019: unresolved external symbol __imp_strspn referenced in function glfwUpdateGamepadMappings
glfw3.lib(input.obj) : error LNK2019: unresolved external symbol __imp_fmaxf referenced in function glfwGetGamepadState
glfw3.lib(input.obj) : error LNK2019: unresolved external symbol __imp_fminf referenced in function glfwGetGamepadState
glfw3.lib(monitor.obj) : error LNK2001: unresolved external symbol __imp_fminf
glfw3.lib(null_monitor.obj) : error LNK2001: unresolved external symbol __imp_fminf
libcpmtd.lib(_tolower.obj) : error LNK2019: unresolved external symbol _calloc_dbg referenced in function _Getctype
libcpmtd.lib(locale.obj) : error LNK2001: unresolved external symbol _calloc_dbg
libcpmtd.lib(wlocale.obj) : error LNK2001: unresolved external symbol _calloc_dbg
libcpmtd.lib(xlocale.obj) : error LNK2001: unresolved external symbol _calloc_dbg
libcpmtd.lib(_tolower.obj) : error LNK2019: unresolved external symbol _wcsdup_dbg referenced in function _Getctype
libcpmtd.lib(xstrcoll.obj) : error LNK2001: unresolved external symbol _wcsdup_dbg
libcpmtd.lib(locale.obj) : error LNK2019: unresolved external symbol _realloc_dbg referenced in function "private: static void __cdecl std::locale::_Locimp::_Locimp_Addfac(class std::locale::_Locimp *,class std::locale::facet *,unsigned __int64)" (?_Locimp_Addfac@_Locimp@locale@std@@CAXPEAV123@PEAVfacet@23@_K@Z)
libcpmtd.lib(StlLCMapStringA.obj) : error LNK2019: unresolved external symbol _CrtDbgReportW referenced in function _freea_crt
libcpmtd.lib(xmbtowc.obj) : error LNK2001: unresolved external symbol _CrtDbgReportW
libcpmtd.lib(StlCompareStringA.obj) : error LNK2001: unresolved external symbol _CrtDbgReportW
C:\graphics-physics\opengl\Proj\Project1\x64\Debug\Project1.exe : fatal error LNK1120: 15 unresolved externals
